<?xml version="1.0" encoding="UTF-8"?>
<testsuite xmlns:xsi="http://www.w3.org/2001/XMLSchema-instance" xsi:noNamespaceSchemaLocation="https://maven.apache.org/surefire/maven-surefire-plugin/xsd/surefire-test-report-3.0.xsd" version="3.0" name="objects.NodeTest" time="0.002" tests="14" errors="0" skipped="0" failures="0">
  <properties>
[...]
</properties>
  <testcase name="getContentTest" classname="objects.NodeTest" time="0.0"/>
  <testcase name="parentPathTest" classname="objects.NodeTest" time="0.0"/>
  <testcase name="getParentTest" classname="objects.NodeTest" time="0.0"/>
  <testcase name="getSecurityLevelTest" classname="objects.NodeTest" time="0.0"/>
  <testcase name="addToParentTest" classname="objects.NodeTest" time="0.0"/>
  <testcase name="getThemeTest" classname="objects.NodeTest" time="0.0"/>
  <testcase name="getKeyTest" classname="objects.NodeTest" time="0.0"/>
  <testcase name="equalsTest" classname="objects.NodeTest" time="0.0"/>
  <testcase name="getIdTest" classname="objects.NodeTest" time="0.0"/>
  <testcase name="parmsOfAddToParentTest" classname="objects.NodeTest" time="0.0"/>
  <testcase name="toStringTest" classname="objects.NodeTest" time="0.0"/>
  <testcase name="hashCodeTest" classname="objects.NodeTest" time="0.0"/>
  <testcase name="setContentTest" classname="objects.NodeTest" time="0.0"/>
  <testcase name="getRootTest" classname="objects.NodeTest" time="0.0"/>
</testsuite>